# JRE version: OpenJDK Runtime Environment (17.0.10) (build 17.0.10+0--11572160)
# Java VM: OpenJDK 64-Bit Server VM (17.0.10+0--11572160, mixed mode, tiered, compressed oops, compressed class ptrs, g1 gc, windows-amd64)
GC Precious Log:
 CPUs: 4 total, 4 available
 Memory: 20279M
 Large Page Support: Disabled
 NUMA Support: Disabled
 Compressed Oops: Enabled (32-bit)
 Heap Region Size: 1M
 Heap Min Capacity: 8M
 Heap Initial Capacity: 318M
 Heap Max Capacity: 2G
 Pre-touch: Disabled
 Parallel Workers: 4
 Concurrent Workers: 1
 Concurrent Refinement Workers: 4
 Periodic GC: Disabled
Heap:
 garbage-first heap   total 512000K, used 300554K [0x0000000080000000, 0x0000000100000000)
  region size 1024K, 12 young (12288K), 12 survivors (12288K)
 Metaspace       used 150227K, committed 151232K, reserved 1179648K
  class space    used 19967K, committed 20480K, reserved 1048576K
GC Heap History (20 events):
Event: 92.059 GC heap after
{Heap after GC invocations=134 (full 0):
 garbage-first heap   total 445440K, used 287754K [0x0000000080000000, 0x0000000100000000)
  region size 1024K, 4 young (4096K), 4 survivors (4096K)
 Metaspace       used 150096K, committed 151040K, reserved 1179648K
  class space    used 19960K, committed 20416K, reserved 1048576K
}
Event: 92.505 GC heap before
{Heap before GC invocations=134 (full 0):
 garbage-first heap   total 445440K, used 390154K [0x0000000080000000, 0x0000000100000000)
  region size 1024K, 103 young (105472K), 4 survivors (4096K)
 Metaspace       used 150163K, committed 151104K, reserved 1179648K
  class space    used 19962K, committed 20416K, reserved 1048576K
}
Event: 92.512 GC heap after
{Heap after GC invocations=135 (full 0):
 garbage-first heap   total 445440K, used 287711K [0x0000000080000000, 0x0000000100000000)
  region size 1024K, 4 young (4096K), 4 survivors (4096K)
 Metaspace       used 150163K, committed 151104K, reserved 1179648K
  class space    used 19962K, committed 20416K, reserved 1048576K
}
Event: 93.031 GC heap before
{Heap before GC invocations=135 (full 0):
 garbage-first heap   total 445440K, used 390111K [0x0000000080000000, 0x0000000100000000)
  region size 1024K, 104 young (106496K), 4 survivors (4096K)
 Metaspace       used 150169K, committed 151168K, reserved 1179648K
  class space    used 19962K, committed 20416K, reserved 1048576K
}
Event: 93.051 GC heap after
{Heap after GC invocations=136 (full 0):
 garbage-first heap   total 445440K, used 288911K [0x0000000080000000, 0x0000000100000000)
  region size 1024K, 5 young (5120K), 5 survivors (5120K)
 Metaspace       used 150169K, committed 151168K, reserved 1179648K
  class space    used 19962K, committed 20416K, reserved 1048576K
}
Event: 93.628 GC heap before
{Heap before GC invocations=136 (full 0):
 garbage-first heap   total 445440K, used 390287K [0x0000000080000000, 0x0000000100000000)
  region size 1024K, 105 young (107520K), 5 survivors (5120K)
 Metaspace       used 150177K, committed 151168K, reserved 1179648K
  class space    used 19963K, committed 20416K, reserved 1048576K
}
Event: 93.639 GC heap after
{Heap after GC invocations=137 (full 0):
 garbage-first heap   total 512000K, used 289931K [0x0000000080000000, 0x0000000100000000)
  region size 1024K, 6 young (6144K), 6 survivors (6144K)
 Metaspace       used 150177K, committed 151168K, reserved 1179648K
  class space    used 19963K, committed 20416K, reserved 1048576K
}
Event: 94.632 GC heap before
{Heap before GC invocations=137 (full 0):
 garbage-first heap   total 512000K, used 447627K [0x0000000080000000, 0x0000000100000000)
  region size 1024K, 160 young (163840K), 6 survivors (6144K)
 Metaspace       used 150178K, committed 151168K, reserved 1179648K
  class space    used 19963K, committed 20416K, reserved 1048576K
}
Event: 94.645 GC heap after
{Heap after GC invocations=138 (full 0):
 garbage-first heap   total 512000K, used 293142K [0x0000000080000000, 0x0000000100000000)
  region size 1024K, 9 young (9216K), 9 survivors (9216K)
 Metaspace       used 150178K, committed 151168K, reserved 1179648K
  class space    used 19963K, committed 20416K, reserved 1048576K
}
Event: 95.036 GC heap before
{Heap before GC invocations=138 (full 0):
 garbage-first heap   total 512000K, used 446742K [0x0000000080000000, 0x0000000100000000)
  region size 1024K, 159 young (162816K), 9 survivors (9216K)
 Metaspace       used 150181K, committed 151168K, reserved 1179648K
  class space    used 19963K, committed 20416K, reserved 1048576K
}
Event: 95.047 GC heap after
{Heap after GC invocations=139 (full 0):
 garbage-first heap   total 512000K, used 293142K [0x0000000080000000, 0x0000000100000000)
  region size 1024K, 9 young (9216K), 9 survivors (9216K)
 Metaspace       used 150181K, committed 151168K, reserved 1179648K
  class space    used 19963K, committed 20416K, reserved 1048576K
}
Event: 95.288 GC heap before
{Heap before GC invocations=139 (full 0):
 garbage-first heap   total 512000K, used 448790K [0x0000000080000000, 0x0000000100000000)
  region size 1024K, 161 young (164864K), 9 survivors (9216K)
 Metaspace       used 150196K, committed 151168K, reserved 1179648K
  class space    used 19966K, committed 20416K, reserved 1048576K
}
Event: 95.301 GC heap after
{Heap after GC invocations=140 (full 0):
 garbage-first heap   total 512000K, used 294591K [0x0000000080000000, 0x0000000100000000)
  region size 1024K, 11 young (11264K), 11 survivors (11264K)
 Metaspace       used 150196K, committed 151168K, reserved 1179648K
  class space    used 19966K, committed 20416K, reserved 1048576K
}
Event: 95.694 GC heap before
{Heap before GC invocations=140 (full 0):
 garbage-first heap   total 512000K, used 448191K [0x0000000080000000, 0x0000000100000000)
  region size 1024K, 161 young (164864K), 11 survivors (11264K)
 Metaspace       used 150200K, committed 151168K, reserved 1179648K
  class space    used 19966K, committed 20416K, reserved 1048576K
}
Event: 95.712 GC heap after
{Heap after GC invocations=141 (full 0):
 garbage-first heap   total 512000K, used 293087K [0x0000000080000000, 0x0000000100000000)
  region size 1024K, 9 young (9216K), 9 survivors (9216K)
 Metaspace       used 150200K, committed 151168K, reserved 1179648K
  class space    used 19966K, committed 20416K, reserved 1048576K
}
Event: 96.037 GC heap before
{Heap before GC invocations=141 (full 0):
 garbage-first heap   total 512000K, used 450783K [0x0000000080000000, 0x0000000100000000)
  region size 1024K, 163 young (166912K), 9 survivors (9216K)
 Metaspace       used 150207K, committed 151168K, reserved 1179648K
  class space    used 19966K, committed 20416K, reserved 1048576K
}
Event: 96.054 GC heap after
{Heap after GC invocations=142 (full 0):
 garbage-first heap   total 512000K, used 293599K [0x0000000080000000, 0x0000000100000000)
  region size 1024K, 10 young (10240K), 10 survivors (10240K)
 Metaspace       used 150207K, committed 151168K, reserved 1179648K
  class space    used 19966K, committed 20416K, reserved 1048576K
}
Event: 96.437 GC heap before
{Heap before GC invocations=142 (full 0):
 garbage-first heap   total 512000K, used 449247K [0x0000000080000000, 0x0000000100000000)
  region size 1024K, 162 young (165888K), 10 survivors (10240K)
 Metaspace       used 150210K, committed 151168K, reserved 1179648K
  class space    used 19966K, committed 20416K, reserved 1048576K
}
Event: 96.454 GC heap after
{Heap after GC invocations=143 (full 0):
 garbage-first heap   total 512000K, used 298712K [0x0000000080000000, 0x0000000100000000)
  region size 1024K, 15 young (15360K), 15 survivors (15360K)
 Metaspace       used 150210K, committed 151168K, reserved 1179648K
  class space    used 19966K, committed 20416K, reserved 1048576K
}
Event: 96.728 GC heap before
{Heap before GC invocations=143 (full 0):
 garbage-first heap   total 512000K, used 443096K [0x0000000080000000, 0x0000000100000000)
  region size 1024K, 157 young (160768K), 15 survivors (15360K)
 Metaspace       used 150227K, committed 151232K, reserved 1179648K
  class space    used 19967K, committed 20480K, reserved 1048576K
}

