# JRE version: OpenJDK Runtime Environment (17.0.10) (build 17.0.10+0--11572160)
# Java VM: OpenJDK 64-Bit Server VM (17.0.10+0--11572160, mixed mode, tiered, compressed oops, compressed class ptrs, g1 gc, windows-amd64)
GC Precious Log:
 CPUs: 4 total, 4 available
 Memory: 20279M
 Large Page Support: Disabled
 NUMA Support: Disabled
 Compressed Oops: Enabled (32-bit)
 Heap Region Size: 1M
 Heap Min Capacity: 8M
 Heap Initial Capacity: 318M
 Heap Max Capacity: 2G
 Pre-touch: Disabled
 Parallel Workers: 4
 Concurrent Workers: 1
 Concurrent Refinement Workers: 4
 Periodic GC: Disabled
Heap:
 garbage-first heap   total 325632K, used 171887K [0x0000000080000000, 0x0000000100000000)
  region size 1024K, 11 young (11264K), 11 survivors (11264K)
 Metaspace       used 118244K, committed 119040K, reserved 1179648K
  class space    used 16201K, committed 16576K, reserved 1048576K
GC Heap History (20 events):
Event: 29.812 GC heap after
{Heap after GC invocations=47 (full 0):
 garbage-first heap   total 258048K, used 97986K [0x0000000080000000, 0x0000000100000000)
  region size 1024K, 12 young (12288K), 12 survivors (12288K)
 Metaspace       used 100519K, committed 101248K, reserved 1179648K
  class space    used 13886K, committed 14272K, reserved 1048576K
}
Event: 32.775 GC heap before
{Heap before GC invocations=47 (full 0):
 garbage-first heap   total 258048K, used 214722K [0x0000000080000000, 0x0000000100000000)
  region size 1024K, 122 young (124928K), 12 survivors (12288K)
 Metaspace       used 105063K, committed 105856K, reserved 1179648K
  class space    used 14376K, committed 14720K, reserved 1048576K
}
Event: 32.800 GC heap after
{Heap after GC invocations=48 (full 0):
 garbage-first heap   total 258048K, used 109154K [0x0000000080000000, 0x0000000100000000)
  region size 1024K, 16 young (16384K), 16 survivors (16384K)
 Metaspace       used 105063K, committed 105856K, reserved 1179648K
  class space    used 14376K, committed 14720K, reserved 1048576K
}
Event: 34.665 GC heap before
{Heap before GC invocations=48 (full 0):
 garbage-first heap   total 258048K, used 207458K [0x0000000080000000, 0x0000000100000000)
  region size 1024K, 113 young (115712K), 16 survivors (16384K)
 Metaspace       used 105731K, committed 106560K, reserved 1179648K
  class space    used 14470K, committed 14848K, reserved 1048576K
}
Event: 34.688 GC heap after
{Heap after GC invocations=49 (full 0):
 garbage-first heap   total 258048K, used 114282K [0x0000000080000000, 0x0000000100000000)
  region size 1024K, 7 young (7168K), 7 survivors (7168K)
 Metaspace       used 105731K, committed 106560K, reserved 1179648K
  class space    used 14470K, committed 14848K, reserved 1048576K
}
Event: 37.992 GC heap before
{Heap before GC invocations=49 (full 0):
 garbage-first heap   total 258048K, used 208490K [0x0000000080000000, 0x0000000100000000)
  region size 1024K, 100 young (102400K), 7 survivors (7168K)
 Metaspace       used 108635K, committed 109376K, reserved 1179648K
  class space    used 14803K, committed 15168K, reserved 1048576K
}
Event: 38.006 GC heap after
{Heap after GC invocations=50 (full 0):
 garbage-first heap   total 258048K, used 118268K [0x0000000080000000, 0x0000000100000000)
  region size 1024K, 11 young (11264K), 11 survivors (11264K)
 Metaspace       used 108635K, committed 109376K, reserved 1179648K
  class space    used 14803K, committed 15168K, reserved 1048576K
}
Event: 39.466 GC heap before
{Heap before GC invocations=50 (full 0):
 garbage-first heap   total 258048K, used 201212K [0x0000000080000000, 0x0000000100000000)
  region size 1024K, 94 young (96256K), 11 survivors (11264K)
 Metaspace       used 109757K, committed 110528K, reserved 1179648K
  class space    used 14965K, committed 15360K, reserved 1048576K
}
Event: 39.481 GC heap after
{Heap after GC invocations=51 (full 0):
 garbage-first heap   total 258048K, used 125165K [0x0000000080000000, 0x0000000100000000)
  region size 1024K, 10 young (10240K), 10 survivors (10240K)
 Metaspace       used 109757K, committed 110528K, reserved 1179648K
  class space    used 14965K, committed 15360K, reserved 1048576K
}
Event: 40.331 GC heap before
{Heap before GC invocations=52 (full 0):
 garbage-first heap   total 268288K, used 208109K [0x0000000080000000, 0x0000000100000000)
  region size 1024K, 92 young (94208K), 10 survivors (10240K)
 Metaspace       used 113494K, committed 114240K, reserved 1179648K
  class space    used 15512K, committed 15872K, reserved 1048576K
}
Event: 40.347 GC heap after
{Heap after GC invocations=53 (full 0):
 garbage-first heap   total 268288K, used 136410K [0x0000000080000000, 0x0000000100000000)
  region size 1024K, 12 young (12288K), 12 survivors (12288K)
 Metaspace       used 113494K, committed 114240K, reserved 1179648K
  class space    used 15512K, committed 15872K, reserved 1048576K
}
Event: 40.354 GC heap before
{Heap before GC invocations=53 (full 0):
 garbage-first heap   total 268288K, used 137434K [0x0000000080000000, 0x0000000100000000)
  region size 1024K, 13 young (13312K), 12 survivors (12288K)
 Metaspace       used 113494K, committed 114240K, reserved 1179648K
  class space    used 15512K, committed 15872K, reserved 1048576K
}
Event: 40.364 GC heap after
{Heap after GC invocations=54 (full 0):
 garbage-first heap   total 268288K, used 136047K [0x0000000080000000, 0x0000000100000000)
  region size 1024K, 2 young (2048K), 2 survivors (2048K)
 Metaspace       used 113494K, committed 114240K, reserved 1179648K
  class space    used 15512K, committed 15872K, reserved 1048576K
}
Event: 41.110 GC heap before
{Heap before GC invocations=54 (full 0):
 garbage-first heap   total 268288K, used 215919K [0x0000000080000000, 0x0000000100000000)
  region size 1024K, 80 young (81920K), 2 survivors (2048K)
 Metaspace       used 115565K, committed 116352K, reserved 1179648K
  class space    used 15848K, committed 16256K, reserved 1048576K
}
Event: 41.142 GC heap after
{Heap after GC invocations=55 (full 0):
 garbage-first heap   total 268288K, used 146799K [0x0000000080000000, 0x0000000100000000)
  region size 1024K, 10 young (10240K), 10 survivors (10240K)
 Metaspace       used 115565K, committed 116352K, reserved 1179648K
  class space    used 15848K, committed 16256K, reserved 1048576K
}
Event: 41.748 GC heap before
{Heap before GC invocations=56 (full 0):
 garbage-first heap   total 306176K, used 213359K [0x0000000080000000, 0x0000000100000000)
  region size 1024K, 76 young (77824K), 10 survivors (10240K)
 Metaspace       used 116973K, committed 117760K, reserved 1179648K
  class space    used 16018K, committed 16384K, reserved 1048576K
}
Event: 41.775 GC heap after
{Heap after GC invocations=57 (full 0):
 garbage-first heap   total 306176K, used 158152K [0x0000000080000000, 0x0000000100000000)
  region size 1024K, 10 young (10240K), 10 survivors (10240K)
 Metaspace       used 116973K, committed 117760K, reserved 1179648K
  class space    used 16018K, committed 16384K, reserved 1048576K
}
Event: 41.789 GC heap before
{Heap before GC invocations=57 (full 0):
 garbage-first heap   total 306176K, used 161224K [0x0000000080000000, 0x0000000100000000)
  region size 1024K, 14 young (14336K), 10 survivors (10240K)
 Metaspace       used 117057K, committed 117824K, reserved 1179648K
  class space    used 16023K, committed 16384K, reserved 1048576K
}
Event: 41.821 GC heap after
{Heap after GC invocations=58 (full 0):
 garbage-first heap   total 306176K, used 159486K [0x0000000080000000, 0x0000000100000000)
  region size 1024K, 2 young (2048K), 2 survivors (2048K)
 Metaspace       used 117057K, committed 117824K, reserved 1179648K
  class space    used 16023K, committed 16384K, reserved 1048576K
}
Event: 42.225 GC heap before
{Heap before GC invocations=58 (full 0):
 garbage-first heap   total 306176K, used 241406K [0x0000000080000000, 0x0000000100000000)
  region size 1024K, 83 young (84992K), 2 survivors (2048K)
 Metaspace       used 118244K, committed 119040K, reserved 1179648K
  class space    used 16201K, committed 16576K, reserved 1048576K
}

