# JRE version: OpenJDK Runtime Environment (17.0.10) (build 17.0.10+0--11572160)
# Java VM: OpenJDK 64-Bit Server VM (17.0.10+0--11572160, mixed mode, tiered, compressed oops, compressed class ptrs, g1 gc, windows-amd64)
GC Precious Log:
 CPUs: 4 total, 4 available
 Memory: 20279M
 Large Page Support: Disabled
 NUMA Support: Disabled
 Compressed Oops: Enabled (32-bit)
 Heap Region Size: 1M
 Heap Min Capacity: 8M
 Heap Initial Capacity: 318M
 Heap Max Capacity: 2G
 Pre-touch: Disabled
 Parallel Workers: 4
 Concurrent Workers: 1
 Concurrent Refinement Workers: 4
 Periodic GC: Disabled
Heap:
 garbage-first heap   total 179200K, used 117080K [0x0000000080000000, 0x0000000100000000)
  region size 1024K, 2 young (2048K), 2 survivors (2048K)
 Metaspace       used 88674K, committed 89408K, reserved 1179648K
  class space    used 11923K, committed 12288K, reserved 1048576K
GC Heap History (20 events):
Event: 18.203 GC heap after
{Heap after GC invocations=42 (full 0):
 garbage-first heap   total 165888K, used 95837K [0x0000000080000000, 0x0000000100000000)
  region size 1024K, 1 young (1024K), 1 survivors (1024K)
 Metaspace       used 64859K, committed 65536K, reserved 1114112K
  class space    used 8824K, committed 9152K, reserved 1048576K
}
Event: 18.854 GC heap before
{Heap before GC invocations=42 (full 0):
 garbage-first heap   total 165888K, used 127581K [0x0000000080000000, 0x0000000100000000)
  region size 1024K, 32 young (32768K), 1 survivors (1024K)
 Metaspace       used 68129K, committed 68928K, reserved 1114112K
  class space    used 9170K, committed 9536K, reserved 1048576K
}
Event: 18.857 GC heap after
{Heap after GC invocations=43 (full 0):
 garbage-first heap   total 165888K, used 96425K [0x0000000080000000, 0x0000000100000000)
  region size 1024K, 1 young (1024K), 1 survivors (1024K)
 Metaspace       used 68129K, committed 68928K, reserved 1114112K
  class space    used 9170K, committed 9536K, reserved 1048576K
}
Event: 19.563 GC heap before
{Heap before GC invocations=44 (full 0):
 garbage-first heap   total 174080K, used 130217K [0x0000000080000000, 0x0000000100000000)
  region size 1024K, 34 young (34816K), 1 survivors (1024K)
 Metaspace       used 71533K, committed 72256K, reserved 1114112K
  class space    used 9612K, committed 9920K, reserved 1048576K
}
Event: 19.567 GC heap after
{Heap after GC invocations=45 (full 0):
 garbage-first heap   total 174080K, used 97603K [0x0000000080000000, 0x0000000100000000)
  region size 1024K, 2 young (2048K), 2 survivors (2048K)
 Metaspace       used 71533K, committed 72256K, reserved 1114112K
  class space    used 9612K, committed 9920K, reserved 1048576K
}
Event: 19.719 GC heap before
{Heap before GC invocations=45 (full 0):
 garbage-first heap   total 174080K, used 102723K [0x0000000080000000, 0x0000000100000000)
  region size 1024K, 8 young (8192K), 2 survivors (2048K)
 Metaspace       used 72026K, committed 72768K, reserved 1114112K
  class space    used 9684K, committed 9984K, reserved 1048576K
}
Event: 19.724 GC heap after
{Heap after GC invocations=46 (full 0):
 garbage-first heap   total 174080K, used 97541K [0x0000000080000000, 0x0000000100000000)
  region size 1024K, 1 young (1024K), 1 survivors (1024K)
 Metaspace       used 72026K, committed 72768K, reserved 1114112K
  class space    used 9684K, committed 9984K, reserved 1048576K
}
Event: 20.669 GC heap before
{Heap before GC invocations=46 (full 0):
 garbage-first heap   total 174080K, used 142597K [0x0000000080000000, 0x0000000100000000)
  region size 1024K, 40 young (40960K), 1 survivors (1024K)
 Metaspace       used 75037K, committed 75776K, reserved 1179648K
  class space    used 10061K, committed 10368K, reserved 1048576K
}
Event: 20.678 GC heap after
{Heap after GC invocations=47 (full 0):
 garbage-first heap   total 174080K, used 103213K [0x0000000080000000, 0x0000000100000000)
  region size 1024K, 5 young (5120K), 5 survivors (5120K)
 Metaspace       used 75037K, committed 75776K, reserved 1179648K
  class space    used 10061K, committed 10368K, reserved 1048576K
}
Event: 21.866 GC heap before
{Heap before GC invocations=48 (full 0):
 garbage-first heap   total 179200K, used 139053K [0x0000000080000000, 0x0000000100000000)
  region size 1024K, 40 young (40960K), 5 survivors (5120K)
 Metaspace       used 77683K, committed 78400K, reserved 1179648K
  class space    used 10420K, committed 10752K, reserved 1048576K
}
Event: 21.872 GC heap after
{Heap after GC invocations=49 (full 0):
 garbage-first heap   total 179200K, used 104970K [0x0000000080000000, 0x0000000100000000)
  region size 1024K, 2 young (2048K), 2 survivors (2048K)
 Metaspace       used 77683K, committed 78400K, reserved 1179648K
  class space    used 10420K, committed 10752K, reserved 1048576K
}
Event: 21.994 GC heap before
{Heap before GC invocations=49 (full 0):
 garbage-first heap   total 179200K, used 110090K [0x0000000080000000, 0x0000000100000000)
  region size 1024K, 8 young (8192K), 2 survivors (2048K)
 Metaspace       used 78873K, committed 79552K, reserved 1179648K
  class space    used 10577K, committed 10880K, reserved 1048576K
}
Event: 21.997 GC heap after
{Heap after GC invocations=50 (full 0):
 garbage-first heap   total 179200K, used 103827K [0x0000000080000000, 0x0000000100000000)
  region size 1024K, 1 young (1024K), 1 survivors (1024K)
 Metaspace       used 78873K, committed 79552K, reserved 1179648K
  class space    used 10577K, committed 10880K, reserved 1048576K
}
Event: 22.726 GC heap before
{Heap before GC invocations=50 (full 0):
 garbage-first heap   total 179200K, used 148883K [0x0000000080000000, 0x0000000100000000)
  region size 1024K, 41 young (41984K), 1 survivors (1024K)
 Metaspace       used 82945K, committed 83648K, reserved 1179648K
  class space    used 11156K, committed 11456K, reserved 1048576K
}
Event: 22.730 GC heap after
{Heap after GC invocations=51 (full 0):
 garbage-first heap   total 179200K, used 109472K [0x0000000080000000, 0x0000000100000000)
  region size 1024K, 3 young (3072K), 3 survivors (3072K)
 Metaspace       used 82945K, committed 83648K, reserved 1179648K
  class space    used 11156K, committed 11456K, reserved 1048576K
}
Event: 23.506 GC heap before
{Heap before GC invocations=51 (full 0):
 garbage-first heap   total 179200K, used 148384K [0x0000000080000000, 0x0000000100000000)
  region size 1024K, 41 young (41984K), 3 survivors (3072K)
 Metaspace       used 85811K, committed 86592K, reserved 1179648K
  class space    used 11543K, committed 11904K, reserved 1048576K
}
Event: 23.512 GC heap after
{Heap after GC invocations=52 (full 0):
 garbage-first heap   total 179200K, used 111611K [0x0000000080000000, 0x0000000100000000)
  region size 1024K, 5 young (5120K), 5 survivors (5120K)
 Metaspace       used 85811K, committed 86592K, reserved 1179648K
  class space    used 11543K, committed 11904K, reserved 1048576K
}
Event: 23.863 GC heap before
{Heap before GC invocations=52 (full 0):
 garbage-first heap   total 179200K, used 149499K [0x0000000080000000, 0x0000000100000000)
  region size 1024K, 42 young (43008K), 5 survivors (5120K)
 Metaspace       used 86226K, committed 86976K, reserved 1179648K
  class space    used 11590K, committed 11904K, reserved 1048576K
}
Event: 23.872 GC heap after
{Heap after GC invocations=53 (full 0):
 garbage-first heap   total 179200K, used 115578K [0x0000000080000000, 0x0000000100000000)
  region size 1024K, 6 young (6144K), 6 survivors (6144K)
 Metaspace       used 86226K, committed 86976K, reserved 1179648K
  class space    used 11590K, committed 11904K, reserved 1048576K
}
Event: 24.330 GC heap before
{Heap before GC invocations=53 (full 0):
 garbage-first heap   total 179200K, used 148346K [0x0000000080000000, 0x0000000100000000)
  region size 1024K, 39 young (39936K), 6 survivors (6144K)
 Metaspace       used 88674K, committed 89408K, reserved 1179648K
  class space    used 11923K, committed 12288K, reserved 1048576K
}

