# JRE version: OpenJDK Runtime Environment (17.0.10) (build 17.0.10+0--11572160)
# Java VM: OpenJDK 64-Bit Server VM (17.0.10+0--11572160, mixed mode, tiered, compressed oops, compressed class ptrs, g1 gc, windows-amd64)
GC Precious Log:
 CPUs: 4 total, 4 available
 Memory: 20279M
 Large Page Support: Disabled
 NUMA Support: Disabled
 Compressed Oops: Enabled (32-bit)
 Heap Region Size: 1M
 Heap Min Capacity: 8M
 Heap Initial Capacity: 318M
 Heap Max Capacity: 2G
 Pre-touch: Disabled
 Parallel Workers: 4
 Concurrent Workers: 1
 Concurrent Refinement Workers: 4
 Periodic GC: Disabled
Heap:
 garbage-first heap   total 320512K, used 216503K [0x0000000080000000, 0x0000000100000000)
  region size 1024K, 40 young (40960K), 7 survivors (7168K)
 Metaspace       used 177689K, committed 178688K, reserved 1245184K
  class space    used 23271K, committed 23744K, reserved 1048576K
GC Heap History (20 events):
Event: 28.692 GC heap before
{Heap before GC invocations=31 (full 0):
 garbage-first heap   total 320512K, used 269638K [0x0000000080000000, 0x0000000100000000)
  region size 1024K, 162 young (165888K), 16 survivors (16384K)
 Metaspace       used 129204K, committed 129984K, reserved 1179648K
  class space    used 16700K, committed 17024K, reserved 1048576K
}
Event: 28.723 GC heap after
{Heap after GC invocations=32 (full 0):
 garbage-first heap   total 320512K, used 133807K [0x0000000080000000, 0x0000000100000000)
  region size 1024K, 21 young (21504K), 21 survivors (21504K)
 Metaspace       used 129204K, committed 129984K, reserved 1179648K
  class space    used 16700K, committed 17024K, reserved 1048576K
}
Event: 31.630 GC heap before
{Heap before GC invocations=32 (full 0):
 garbage-first heap   total 320512K, used 265903K [0x0000000080000000, 0x0000000100000000)
  region size 1024K, 141 young (144384K), 21 survivors (21504K)
 Metaspace       used 139362K, committed 140224K, reserved 1179648K
  class space    used 18110K, committed 18496K, reserved 1048576K
}
Event: 31.649 GC heap after
{Heap after GC invocations=33 (full 0):
 garbage-first heap   total 320512K, used 145248K [0x0000000080000000, 0x0000000100000000)
  region size 1024K, 10 young (10240K), 10 survivors (10240K)
 Metaspace       used 139362K, committed 140224K, reserved 1179648K
  class space    used 18110K, committed 18496K, reserved 1048576K
}
Event: 34.947 GC heap before
{Heap before GC invocations=33 (full 0):
 garbage-first heap   total 320512K, used 257888K [0x0000000080000000, 0x0000000100000000)
  region size 1024K, 120 young (122880K), 10 survivors (10240K)
 Metaspace       used 144829K, committed 145664K, reserved 1179648K
  class space    used 18841K, committed 19264K, reserved 1048576K
}
Event: 34.960 GC heap after
{Heap after GC invocations=34 (full 0):
 garbage-first heap   total 320512K, used 150462K [0x0000000080000000, 0x0000000100000000)
  region size 1024K, 6 young (6144K), 6 survivors (6144K)
 Metaspace       used 144829K, committed 145664K, reserved 1179648K
  class space    used 18841K, committed 19264K, reserved 1048576K
}
Event: 35.889 GC heap before
{Heap before GC invocations=34 (full 0):
 garbage-first heap   total 320512K, used 219070K [0x0000000080000000, 0x0000000100000000)
  region size 1024K, 74 young (75776K), 6 survivors (6144K)
 Metaspace       used 149603K, committed 150528K, reserved 1245184K
  class space    used 19712K, committed 20160K, reserved 1048576K
}
Event: 35.902 GC heap after
{Heap after GC invocations=35 (full 0):
 garbage-first heap   total 320512K, used 151290K [0x0000000080000000, 0x0000000100000000)
  region size 1024K, 7 young (7168K), 7 survivors (7168K)
 Metaspace       used 149603K, committed 150528K, reserved 1245184K
  class space    used 19712K, committed 20160K, reserved 1048576K
}
Event: 38.177 GC heap before
{Heap before GC invocations=36 (full 0):
 garbage-first heap   total 320512K, used 278266K [0x0000000080000000, 0x0000000100000000)
  region size 1024K, 117 young (119808K), 7 survivors (7168K)
 Metaspace       used 158496K, committed 159424K, reserved 1245184K
  class space    used 20899K, committed 21312K, reserved 1048576K
}
Event: 38.194 GC heap after
{Heap after GC invocations=37 (full 0):
 garbage-first heap   total 320512K, used 168105K [0x0000000080000000, 0x0000000100000000)
  region size 1024K, 15 young (15360K), 15 survivors (15360K)
 Metaspace       used 158496K, committed 159424K, reserved 1245184K
  class space    used 20899K, committed 21312K, reserved 1048576K
}
Event: 38.208 GC heap before
{Heap before GC invocations=37 (full 0):
 garbage-first heap   total 320512K, used 169129K [0x0000000080000000, 0x0000000100000000)
  region size 1024K, 16 young (16384K), 15 survivors (15360K)
 Metaspace       used 158516K, committed 159424K, reserved 1245184K
  class space    used 20899K, committed 21312K, reserved 1048576K
}
Event: 38.220 GC heap after
{Heap after GC invocations=38 (full 0):
 garbage-first heap   total 320512K, used 167508K [0x0000000080000000, 0x0000000100000000)
  region size 1024K, 2 young (2048K), 2 survivors (2048K)
 Metaspace       used 158516K, committed 159424K, reserved 1245184K
  class space    used 20899K, committed 21312K, reserved 1048576K
}
Event: 40.267 GC heap before
{Heap before GC invocations=38 (full 0):
 garbage-first heap   total 320512K, used 263764K [0x0000000080000000, 0x0000000100000000)
  region size 1024K, 95 young (97280K), 2 survivors (2048K)
 Metaspace       used 168109K, committed 169024K, reserved 1245184K
  class space    used 22121K, committed 22528K, reserved 1048576K
}
Event: 40.277 GC heap after
{Heap after GC invocations=39 (full 0):
 garbage-first heap   total 320512K, used 169476K [0x0000000080000000, 0x0000000100000000)
  region size 1024K, 4 young (4096K), 4 survivors (4096K)
 Metaspace       used 168109K, committed 169024K, reserved 1245184K
  class space    used 22121K, committed 22528K, reserved 1048576K
}
Event: 43.673 GC heap before
{Heap before GC invocations=40 (full 0):
 garbage-first heap   total 320512K, used 264708K [0x0000000080000000, 0x0000000100000000)
  region size 1024K, 97 young (99328K), 4 survivors (4096K)
 Metaspace       used 171934K, committed 172928K, reserved 1245184K
  class space    used 22554K, committed 23040K, reserved 1048576K
}
Event: 43.693 GC heap after
{Heap after GC invocations=41 (full 0):
 garbage-first heap   total 320512K, used 179725K [0x0000000080000000, 0x0000000100000000)
  region size 1024K, 13 young (13312K), 13 survivors (13312K)
 Metaspace       used 171934K, committed 172928K, reserved 1245184K
  class space    used 22554K, committed 23040K, reserved 1048576K
}
Event: 43.708 GC heap before
{Heap before GC invocations=41 (full 0):
 garbage-first heap   total 320512K, used 181773K [0x0000000080000000, 0x0000000100000000)
  region size 1024K, 15 young (15360K), 13 survivors (13312K)
 Metaspace       used 172012K, committed 172992K, reserved 1245184K
  class space    used 22565K, committed 23040K, reserved 1048576K
}
Event: 43.722 GC heap after
{Heap after GC invocations=42 (full 0):
 garbage-first heap   total 320512K, used 179177K [0x0000000080000000, 0x0000000100000000)
  region size 1024K, 2 young (2048K), 2 survivors (2048K)
 Metaspace       used 172012K, committed 172992K, reserved 1245184K
  class space    used 22565K, committed 23040K, reserved 1048576K
}
Event: 46.713 GC heap before
{Heap before GC invocations=42 (full 0):
 garbage-first heap   total 320512K, used 263145K [0x0000000080000000, 0x0000000100000000)
  region size 1024K, 85 young (87040K), 2 survivors (2048K)
 Metaspace       used 177548K, committed 178560K, reserved 1245184K
  class space    used 23270K, committed 23744K, reserved 1048576K
}
Event: 46.721 GC heap after
{Heap after GC invocations=43 (full 0):
 garbage-first heap   total 320512K, used 183735K [0x0000000080000000, 0x0000000100000000)
  region size 1024K, 7 young (7168K), 7 survivors (7168K)
 Metaspace       used 177548K, committed 178560K, reserved 1245184K
  class space    used 23270K, committed 23744K, reserved 1048576K
}

