# JRE version: OpenJDK Runtime Environment (17.0.10) (build 17.0.10+0--11572160)
# Java VM: OpenJDK 64-Bit Server VM (17.0.10+0--11572160, mixed mode, tiered, compressed oops, compressed class ptrs, g1 gc, windows-amd64)
GC Precious Log:
 CPUs: 4 total, 4 available
 Memory: 20279M
 Large Page Support: Disabled
 NUMA Support: Disabled
 Compressed Oops: Enabled (32-bit)
 Heap Region Size: 1M
 Heap Min Capacity: 8M
 Heap Initial Capacity: 318M
 Heap Max Capacity: 2G
 Pre-touch: Disabled
 Parallel Workers: 4
 Concurrent Workers: 1
 Concurrent Refinement Workers: 4
 Periodic GC: Disabled
Heap:
 garbage-first heap   total 476160K, used 326599K [0x0000000080000000, 0x0000000100000000)
  region size 1024K, 72 young (73728K), 18 survivors (18432K)
 Metaspace       used 221921K, committed 223104K, reserved 1245184K
  class space    used 27937K, committed 28480K, reserved 1048576K
GC Heap History (20 events):
Event: 105.528 GC heap before
{Heap before GC invocations=165 (full 0):
 garbage-first heap   total 476160K, used 399781K [0x0000000080000000, 0x0000000100000000)
  region size 1024K, 189 young (193536K), 14 survivors (14336K)
 Metaspace       used 209941K, committed 210944K, reserved 1245184K
  class space    used 26648K, committed 27136K, reserved 1048576K
}
Event: 105.542 GC heap after
{Heap after GC invocations=166 (full 0):
 garbage-first heap   total 476160K, used 221639K [0x0000000080000000, 0x0000000100000000)
  region size 1024K, 8 young (8192K), 8 survivors (8192K)
 Metaspace       used 209941K, committed 210944K, reserved 1245184K
  class space    used 26648K, committed 27136K, reserved 1048576K
}
Event: 107.267 GC heap before
{Heap before GC invocations=166 (full 0):
 garbage-first heap   total 476160K, used 401863K [0x0000000080000000, 0x0000000100000000)
  region size 1024K, 185 young (189440K), 8 survivors (8192K)
 Metaspace       used 210092K, committed 211136K, reserved 1245184K
  class space    used 26657K, committed 27136K, reserved 1048576K
}
Event: 107.276 GC heap after
{Heap after GC invocations=167 (full 0):
 garbage-first heap   total 476160K, used 222538K [0x0000000080000000, 0x0000000100000000)
  region size 1024K, 9 young (9216K), 9 survivors (9216K)
 Metaspace       used 210092K, committed 211136K, reserved 1245184K
  class space    used 26657K, committed 27136K, reserved 1048576K
}
Event: 107.680 GC heap before
{Heap before GC invocations=167 (full 0):
 garbage-first heap   total 476160K, used 405834K [0x0000000080000000, 0x0000000100000000)
  region size 1024K, 189 young (193536K), 9 survivors (9216K)
 Metaspace       used 210209K, committed 211200K, reserved 1245184K
  class space    used 26660K, committed 27136K, reserved 1048576K
}
Event: 107.688 GC heap after
{Heap after GC invocations=168 (full 0):
 garbage-first heap   total 476160K, used 222530K [0x0000000080000000, 0x0000000100000000)
  region size 1024K, 9 young (9216K), 9 survivors (9216K)
 Metaspace       used 210209K, committed 211200K, reserved 1245184K
  class space    used 26660K, committed 27136K, reserved 1048576K
}
Event: 109.385 GC heap before
{Heap before GC invocations=168 (full 0):
 garbage-first heap   total 476160K, used 408898K [0x0000000080000000, 0x0000000100000000)
  region size 1024K, 192 young (196608K), 9 survivors (9216K)
 Metaspace       used 210658K, committed 211648K, reserved 1245184K
  class space    used 26707K, committed 27200K, reserved 1048576K
}
Event: 109.396 GC heap after
{Heap after GC invocations=169 (full 0):
 garbage-first heap   total 476160K, used 224587K [0x0000000080000000, 0x0000000100000000)
  region size 1024K, 11 young (11264K), 11 survivors (11264K)
 Metaspace       used 210658K, committed 211648K, reserved 1245184K
  class space    used 26707K, committed 27200K, reserved 1048576K
}
Event: 116.568 GC heap before
{Heap before GC invocations=169 (full 0):
 garbage-first heap   total 476160K, used 417099K [0x0000000080000000, 0x0000000100000000)
  region size 1024K, 194 young (198656K), 11 survivors (11264K)
 Metaspace       used 214732K, committed 215872K, reserved 1245184K
  class space    used 27164K, committed 27712K, reserved 1048576K
}
Event: 116.584 GC heap after
{Heap after GC invocations=170 (full 0):
 garbage-first heap   total 476160K, used 238477K [0x0000000080000000, 0x0000000100000000)
  region size 1024K, 18 young (18432K), 18 survivors (18432K)
 Metaspace       used 214732K, committed 215872K, reserved 1245184K
  class space    used 27164K, committed 27712K, reserved 1048576K
}
Event: 124.126 GC heap before
{Heap before GC invocations=170 (full 0):
 garbage-first heap   total 476160K, used 409485K [0x0000000080000000, 0x0000000100000000)
  region size 1024K, 185 young (189440K), 18 survivors (18432K)
 Metaspace       used 214736K, committed 215872K, reserved 1245184K
  class space    used 27164K, committed 27712K, reserved 1048576K
}
Event: 124.141 GC heap after
{Heap after GC invocations=171 (full 0):
 garbage-first heap   total 476160K, used 239309K [0x0000000080000000, 0x0000000100000000)
  region size 1024K, 13 young (13312K), 13 survivors (13312K)
 Metaspace       used 214736K, committed 215872K, reserved 1245184K
  class space    used 27164K, committed 27712K, reserved 1048576K
}
Event: 130.508 GC heap before
{Heap before GC invocations=171 (full 0):
 garbage-first heap   total 476160K, used 413389K [0x0000000080000000, 0x0000000100000000)
  region size 1024K, 183 young (187392K), 13 survivors (13312K)
 Metaspace       used 214736K, committed 215872K, reserved 1245184K
  class space    used 27164K, committed 27712K, reserved 1048576K
}
Event: 130.517 GC heap after
{Heap after GC invocations=172 (full 0):
 garbage-first heap   total 476160K, used 239160K [0x0000000080000000, 0x0000000100000000)
  region size 1024K, 11 young (11264K), 11 survivors (11264K)
 Metaspace       used 214736K, committed 215872K, reserved 1245184K
  class space    used 27164K, committed 27712K, reserved 1048576K
}
Event: 134.249 GC heap before
{Heap before GC invocations=172 (full 0):
 garbage-first heap   total 476160K, used 414264K [0x0000000080000000, 0x0000000100000000)
  region size 1024K, 183 young (187392K), 11 survivors (11264K)
 Metaspace       used 214739K, committed 215872K, reserved 1245184K
  class space    used 27164K, committed 27712K, reserved 1048576K
}
Event: 134.269 GC heap after
{Heap after GC invocations=173 (full 0):
 garbage-first heap   total 476160K, used 244280K [0x0000000080000000, 0x0000000100000000)
  region size 1024K, 22 young (22528K), 22 survivors (22528K)
 Metaspace       used 214739K, committed 215872K, reserved 1245184K
  class space    used 27164K, committed 27712K, reserved 1048576K
}
Event: 137.105 GC heap before
{Heap before GC invocations=173 (full 0):
 garbage-first heap   total 476160K, used 405048K [0x0000000080000000, 0x0000000100000000)
  region size 1024K, 179 young (183296K), 22 survivors (22528K)
 Metaspace       used 214739K, committed 215872K, reserved 1245184K
  class space    used 27164K, committed 27712K, reserved 1048576K
}
Event: 137.129 GC heap after
{Heap after GC invocations=174 (full 0):
 garbage-first heap   total 476160K, used 256700K [0x0000000080000000, 0x0000000100000000)
  region size 1024K, 14 young (14336K), 14 survivors (14336K)
 Metaspace       used 214739K, committed 215872K, reserved 1245184K
  class space    used 27164K, committed 27712K, reserved 1048576K
}
Event: 959.868 GC heap before
{Heap before GC invocations=174 (full 0):
 garbage-first heap   total 476160K, used 409276K [0x0000000080000000, 0x0000000100000000)
  region size 1024K, 156 young (159744K), 14 survivors (14336K)
 Metaspace       used 220496K, committed 221632K, reserved 1245184K
  class space    used 27744K, committed 28288K, reserved 1048576K
}
Event: 959.892 GC heap after
{Heap after GC invocations=175 (full 0):
 garbage-first heap   total 476160K, used 273351K [0x0000000080000000, 0x0000000100000000)
  region size 1024K, 18 young (18432K), 18 survivors (18432K)
 Metaspace       used 220496K, committed 221632K, reserved 1245184K
  class space    used 27744K, committed 28288K, reserved 1048576K
}

