# JRE version: OpenJDK Runtime Environment (17.0.10) (build 17.0.10+0--11572160)
# Java VM: OpenJDK 64-Bit Server VM (17.0.10+0--11572160, mixed mode, tiered, compressed oops, compressed class ptrs, g1 gc, windows-amd64)
GC Precious Log:
 CPUs: 4 total, 4 available
 Memory: 20279M
 Large Page Support: Disabled
 NUMA Support: Disabled
 Compressed Oops: Enabled (32-bit)
 Heap Region Size: 1M
 Heap Min Capacity: 8M
 Heap Initial Capacity: 318M
 Heap Max Capacity: 2G
 Pre-touch: Disabled
 Parallel Workers: 4
 Concurrent Workers: 1
 Concurrent Refinement Workers: 4
 Periodic GC: Disabled
Heap:
 garbage-first heap   total 555008K, used 289794K [0x0000000080000000, 0x0000000100000000)
  region size 1024K, 20 young (20480K), 20 survivors (20480K)
 Metaspace       used 197406K, committed 199296K, reserved 1245184K
  class space    used 24876K, committed 25792K, reserved 1048576K
GC Heap History (20 events):
Event: 58.105 GC heap after
{Heap after GC invocations=50 (full 0):
 garbage-first heap   total 475136K, used 252400K [0x0000000080000000, 0x0000000100000000)
  region size 1024K, 13 young (13312K), 13 survivors (13312K)
 Metaspace       used 179860K, committed 180992K, reserved 1245184K
  class space    used 23335K, committed 23872K, reserved 1048576K
}
Event: 60.523 GC heap before
{Heap before GC invocations=50 (full 0):
 garbage-first heap   total 475136K, used 316912K [0x0000000080000000, 0x0000000100000000)
  region size 1024K, 77 young (78848K), 13 survivors (13312K)
 Metaspace       used 182288K, committed 183360K, reserved 1245184K
  class space    used 23573K, committed 24064K, reserved 1048576K
}
Event: 60.541 GC heap after
{Heap after GC invocations=51 (full 0):
 garbage-first heap   total 475136K, used 259417K [0x0000000080000000, 0x0000000100000000)
  region size 1024K, 13 young (13312K), 13 survivors (13312K)
 Metaspace       used 182288K, committed 183360K, reserved 1245184K
  class space    used 23573K, committed 24064K, reserved 1048576K
}
Event: 65.072 GC heap before
{Heap before GC invocations=52 (full 0):
 garbage-first heap   total 476160K, used 394585K [0x0000000080000000, 0x0000000100000000)
  region size 1024K, 144 young (147456K), 13 survivors (13312K)
 Metaspace       used 186521K, committed 187648K, reserved 1245184K
  class space    used 23808K, committed 24320K, reserved 1048576K
}
Event: 65.095 GC heap after
{Heap after GC invocations=53 (full 0):
 garbage-first heap   total 476160K, used 272574K [0x0000000080000000, 0x0000000100000000)
  region size 1024K, 18 young (18432K), 18 survivors (18432K)
 Metaspace       used 186521K, committed 187648K, reserved 1245184K
  class space    used 23808K, committed 24320K, reserved 1048576K
}
Event: 65.245 GC heap before
{Heap before GC invocations=53 (full 0):
 garbage-first heap   total 476160K, used 276670K [0x0000000080000000, 0x0000000100000000)
  region size 1024K, 23 young (23552K), 18 survivors (18432K)
 Metaspace       used 187031K, committed 188160K, reserved 1245184K
  class space    used 23845K, committed 24384K, reserved 1048576K
}
Event: 65.272 GC heap after
{Heap after GC invocations=54 (full 0):
 garbage-first heap   total 476160K, used 259984K [0x0000000080000000, 0x0000000100000000)
  region size 1024K, 2 young (2048K), 2 survivors (2048K)
 Metaspace       used 187031K, committed 188160K, reserved 1245184K
  class space    used 23845K, committed 24384K, reserved 1048576K
}
Event: 70.244 GC heap before
{Heap before GC invocations=54 (full 0):
 garbage-first heap   total 476160K, used 399248K [0x0000000080000000, 0x0000000100000000)
  region size 1024K, 131 young (134144K), 2 survivors (2048K)
 Metaspace       used 196417K, committed 197568K, reserved 1245184K
  class space    used 24968K, committed 25536K, reserved 1048576K
}
Event: 70.287 GC heap after
{Heap after GC invocations=55 (full 0):
 garbage-first heap   total 476160K, used 264530K [0x0000000080000000, 0x0000000100000000)
  region size 1024K, 14 young (14336K), 14 survivors (14336K)
 Metaspace       used 196417K, committed 197568K, reserved 1245184K
  class space    used 24968K, committed 25536K, reserved 1048576K
}
Event: 176.247 GC heap before
{Heap before GC invocations=55 (full 0):
 garbage-first heap   total 476160K, used 389458K [0x0000000080000000, 0x0000000100000000)
  region size 1024K, 137 young (140288K), 14 survivors (14336K)
 Metaspace       used 197495K, committed 198784K, reserved 1245184K
  class space    used 25104K, committed 25728K, reserved 1048576K
}
Event: 176.264 GC heap after
{Heap after GC invocations=56 (full 0):
 garbage-first heap   total 476160K, used 274325K [0x0000000080000000, 0x0000000100000000)
  region size 1024K, 10 young (10240K), 10 survivors (10240K)
 Metaspace       used 197495K, committed 198784K, reserved 1245184K
  class space    used 25104K, committed 25728K, reserved 1048576K
}
Event: 2810.516 GC heap before
{Heap before GC invocations=56 (full 0):
 garbage-first heap   total 476160K, used 374677K [0x0000000080000000, 0x0000000100000000)
  region size 1024K, 110 young (112640K), 10 survivors (10240K)
 Metaspace       used 197915K, committed 199296K, reserved 1245184K
  class space    used 25119K, committed 25792K, reserved 1048576K
}
Event: 2810.534 GC heap after
{Heap after GC invocations=57 (full 0):
 garbage-first heap   total 476160K, used 279471K [0x0000000080000000, 0x0000000100000000)
  region size 1024K, 5 young (5120K), 5 survivors (5120K)
 Metaspace       used 197915K, committed 199296K, reserved 1245184K
  class space    used 25119K, committed 25792K, reserved 1048576K
}
Event: 2811.199 GC heap before
{Heap before GC invocations=58 (full 0):
 garbage-first heap   total 555008K, used 403375K [0x0000000080000000, 0x0000000100000000)
  region size 1024K, 122 young (124928K), 5 survivors (5120K)
 Metaspace       used 196653K, committed 199232K, reserved 1245184K
  class space    used 24843K, committed 25792K, reserved 1048576K
}
Event: 2811.235 GC heap after
{Heap after GC invocations=59 (full 0):
 garbage-first heap   total 555008K, used 309059K [0x0000000080000000, 0x0000000100000000)
  region size 1024K, 16 young (16384K), 16 survivors (16384K)
 Metaspace       used 196653K, committed 199232K, reserved 1245184K
  class space    used 24843K, committed 25792K, reserved 1048576K
}
Event: 2811.291 GC heap before
{Heap before GC invocations=59 (full 0):
 garbage-first heap   total 555008K, used 320323K [0x0000000080000000, 0x0000000100000000)
  region size 1024K, 27 young (27648K), 16 survivors (16384K)
 Metaspace       used 196684K, committed 199232K, reserved 1245184K
  class space    used 24843K, committed 25792K, reserved 1048576K
}
Event: 2811.334 GC heap after
{Heap after GC invocations=60 (full 0):
 garbage-first heap   total 555008K, used 275972K [0x0000000080000000, 0x0000000100000000)
  region size 1024K, 4 young (4096K), 4 survivors (4096K)
 Metaspace       used 196684K, committed 199232K, reserved 1245184K
  class space    used 24843K, committed 25792K, reserved 1048576K
}
Event: 2811.381 GC heap before
{Heap before GC invocations=60 (full 0):
 garbage-first heap   total 555008K, used 299524K [0x0000000080000000, 0x0000000100000000)
  region size 1024K, 27 young (27648K), 4 survivors (4096K)
 Metaspace       used 196684K, committed 199232K, reserved 1245184K
  class space    used 24843K, committed 25792K, reserved 1048576K
}
Event: 2811.404 GC heap after
{Heap after GC invocations=61 (full 0):
 garbage-first heap   total 555008K, used 271548K [0x0000000080000000, 0x0000000100000000)
  region size 1024K, 2 young (2048K), 2 survivors (2048K)
 Metaspace       used 196684K, committed 199232K, reserved 1245184K
  class space    used 24843K, committed 25792K, reserved 1048576K
}
Event: 2812.330 GC heap before
{Heap before GC invocations=61 (full 0):
 garbage-first heap   total 555008K, used 427196K [0x0000000080000000, 0x0000000100000000)
  region size 1024K, 153 young (156672K), 2 survivors (2048K)
 Metaspace       used 197406K, committed 199296K, reserved 1245184K
  class space    used 24876K, committed 25792K, reserved 1048576K
}

