# JRE version: OpenJDK Runtime Environment (17.0.10) (build 17.0.10+0--11572160)
# Java VM: OpenJDK 64-Bit Server VM (17.0.10+0--11572160, mixed mode, tiered, compressed oops, compressed class ptrs, g1 gc, windows-amd64)
GC Precious Log:
 CPUs: 4 total, 4 available
 Memory: 20279M
 Large Page Support: Disabled
 NUMA Support: Disabled
 Compressed Oops: Enabled (32-bit)
 Heap Region Size: 1M
 Heap Min Capacity: 8M
 Heap Initial Capacity: 318M
 Heap Max Capacity: 2G
 Pre-touch: Disabled
 Parallel Workers: 4
 Concurrent Workers: 1
 Concurrent Refinement Workers: 4
 Periodic GC: Disabled
Heap:
 garbage-first heap   total 488448K, used 243694K [0x0000000080000000, 0x0000000100000000)
  region size 1024K, 4 young (4096K), 4 survivors (4096K)
 Metaspace       used 208007K, committed 209536K, reserved 1245184K
  class space    used 27464K, committed 28224K, reserved 1048576K
GC Heap History (20 events):
Event: 2468.103 GC heap after
{Heap after GC invocations=98 (full 0):
 garbage-first heap   total 488448K, used 189180K [0x0000000080000000, 0x0000000100000000)
  region size 1024K, 2 young (2048K), 2 survivors (2048K)
 Metaspace       used 154142K, committed 155328K, reserved 1245184K
  class space    used 20632K, committed 21184K, reserved 1048576K
}
Event: 2471.596 GC heap before
{Heap before GC invocations=98 (full 0):
 garbage-first heap   total 488448K, used 387836K [0x0000000080000000, 0x0000000100000000)
  region size 1024K, 196 young (200704K), 2 survivors (2048K)
 Metaspace       used 154143K, committed 155328K, reserved 1245184K
  class space    used 20632K, committed 21184K, reserved 1048576K
}
Event: 2471.606 GC heap after
{Heap after GC invocations=99 (full 0):
 garbage-first heap   total 488448K, used 195720K [0x0000000080000000, 0x0000000100000000)
  region size 1024K, 9 young (9216K), 9 survivors (9216K)
 Metaspace       used 154143K, committed 155328K, reserved 1245184K
  class space    used 20632K, committed 21184K, reserved 1048576K
}
Event: 2473.834 GC heap before
{Heap before GC invocations=100 (full 0):
 garbage-first heap   total 488448K, used 394376K [0x0000000080000000, 0x0000000100000000)
  region size 1024K, 203 young (207872K), 9 survivors (9216K)
 Metaspace       used 154143K, committed 155328K, reserved 1245184K
  class space    used 20632K, committed 21184K, reserved 1048576K
}
Event: 2473.849 GC heap after
{Heap after GC invocations=101 (full 0):
 garbage-first heap   total 488448K, used 202492K [0x0000000080000000, 0x0000000100000000)
  region size 1024K, 15 young (15360K), 15 survivors (15360K)
 Metaspace       used 154143K, committed 155328K, reserved 1245184K
  class space    used 20632K, committed 21184K, reserved 1048576K
}
Event: 2473.917 GC heap before
{Heap before GC invocations=101 (full 0):
 garbage-first heap   total 488448K, used 210684K [0x0000000080000000, 0x0000000100000000)
  region size 1024K, 23 young (23552K), 15 survivors (15360K)
 Metaspace       used 154143K, committed 155328K, reserved 1245184K
  class space    used 20632K, committed 21184K, reserved 1048576K
}
Event: 2473.936 GC heap after
{Heap after GC invocations=102 (full 0):
 garbage-first heap   total 488448K, used 197142K [0x0000000080000000, 0x0000000100000000)
  region size 1024K, 3 young (3072K), 3 survivors (3072K)
 Metaspace       used 154143K, committed 155328K, reserved 1245184K
  class space    used 20632K, committed 21184K, reserved 1048576K
}
Event: 2475.777 GC heap before
{Heap before GC invocations=102 (full 0):
 garbage-first heap   total 488448K, used 397846K [0x0000000080000000, 0x0000000100000000)
  region size 1024K, 199 young (203776K), 3 survivors (3072K)
 Metaspace       used 154143K, committed 155328K, reserved 1245184K
  class space    used 20632K, committed 21184K, reserved 1048576K
}
Event: 2475.792 GC heap after
{Heap after GC invocations=103 (full 0):
 garbage-first heap   total 488448K, used 201892K [0x0000000080000000, 0x0000000100000000)
  region size 1024K, 8 young (8192K), 8 survivors (8192K)
 Metaspace       used 154143K, committed 155328K, reserved 1245184K
  class space    used 20632K, committed 21184K, reserved 1048576K
}
Event: 2480.784 GC heap before
{Heap before GC invocations=104 (full 0):
 garbage-first heap   total 488448K, used 403620K [0x0000000080000000, 0x0000000100000000)
  region size 1024K, 204 young (208896K), 8 survivors (8192K)
 Metaspace       used 161360K, committed 162688K, reserved 1245184K
  class space    used 21437K, committed 22080K, reserved 1048576K
}
Event: 2480.809 GC heap after
{Heap after GC invocations=105 (full 0):
 garbage-first heap   total 488448K, used 216560K [0x0000000080000000, 0x0000000100000000)
  region size 1024K, 22 young (22528K), 22 survivors (22528K)
 Metaspace       used 161360K, committed 162688K, reserved 1245184K
  class space    used 21437K, committed 22080K, reserved 1048576K
}
Event: 2480.850 GC heap before
{Heap before GC invocations=105 (full 0):
 garbage-first heap   total 488448K, used 216560K [0x0000000080000000, 0x0000000100000000)
  region size 1024K, 23 young (23552K), 22 survivors (22528K)
 Metaspace       used 161555K, committed 162944K, reserved 1245184K
  class space    used 21476K, committed 22144K, reserved 1048576K
}
Event: 2480.875 GC heap after
{Heap after GC invocations=106 (full 0):
 garbage-first heap   total 488448K, used 214728K [0x0000000080000000, 0x0000000100000000)
  region size 1024K, 2 young (2048K), 2 survivors (2048K)
 Metaspace       used 161555K, committed 162944K, reserved 1245184K
  class space    used 21476K, committed 22144K, reserved 1048576K
}
Event: 2599.506 GC heap before
{Heap before GC invocations=106 (full 0):
 garbage-first heap   total 488448K, used 399048K [0x0000000080000000, 0x0000000100000000)
  region size 1024K, 183 young (187392K), 2 survivors (2048K)
 Metaspace       used 181334K, committed 182784K, reserved 1245184K
  class space    used 24355K, committed 25088K, reserved 1048576K
}
Event: 2599.516 GC heap after
{Heap after GC invocations=107 (full 0):
 garbage-first heap   total 488448K, used 221410K [0x0000000080000000, 0x0000000100000000)
  region size 1024K, 9 young (9216K), 9 survivors (9216K)
 Metaspace       used 181334K, committed 182784K, reserved 1245184K
  class space    used 24355K, committed 25088K, reserved 1048576K
}
Event: 2605.695 GC heap before
{Heap before GC invocations=108 (full 0):
 garbage-first heap   total 488448K, used 416994K [0x0000000080000000, 0x0000000100000000)
  region size 1024K, 186 young (190464K), 9 survivors (9216K)
 Metaspace       used 199804K, committed 201344K, reserved 1245184K
  class space    used 26433K, committed 27200K, reserved 1048576K
}
Event: 2605.719 GC heap after
{Heap after GC invocations=109 (full 0):
 garbage-first heap   total 488448K, used 244041K [0x0000000080000000, 0x0000000100000000)
  region size 1024K, 24 young (24576K), 24 survivors (24576K)
 Metaspace       used 199804K, committed 201344K, reserved 1245184K
  class space    used 26433K, committed 27200K, reserved 1048576K
}
Event: 2605.750 GC heap before
{Heap before GC invocations=109 (full 0):
 garbage-first heap   total 488448K, used 245065K [0x0000000080000000, 0x0000000100000000)
  region size 1024K, 25 young (25600K), 24 survivors (24576K)
 Metaspace       used 199932K, committed 201472K, reserved 1245184K
  class space    used 26458K, committed 27200K, reserved 1048576K
}
Event: 2605.775 GC heap after
{Heap after GC invocations=110 (full 0):
 garbage-first heap   total 488448K, used 241646K [0x0000000080000000, 0x0000000100000000)
  region size 1024K, 2 young (2048K), 2 survivors (2048K)
 Metaspace       used 199932K, committed 201472K, reserved 1245184K
  class space    used 26458K, committed 27200K, reserved 1048576K
}
Event: 2608.189 GC heap before
{Heap before GC invocations=110 (full 0):
 garbage-first heap   total 488448K, used 309230K [0x0000000080000000, 0x0000000100000000)
  region size 1024K, 69 young (70656K), 2 survivors (2048K)
 Metaspace       used 208007K, committed 209536K, reserved 1245184K
  class space    used 27464K, committed 28224K, reserved 1048576K
}

