# JRE version: OpenJDK Runtime Environment (17.0.10) (build 17.0.10+0--11572160)
# Java VM: OpenJDK 64-Bit Server VM (17.0.10+0--11572160, mixed mode, tiered, compressed oops, compressed class ptrs, g1 gc, windows-amd64)
GC Precious Log:
 CPUs: 4 total, 4 available
 Memory: 20279M
 Large Page Support: Disabled
 NUMA Support: Disabled
 Compressed Oops: Enabled (32-bit)
 Heap Region Size: 1M
 Heap Min Capacity: 8M
 Heap Initial Capacity: 318M
 Heap Max Capacity: 2G
 Pre-touch: Disabled
 Parallel Workers: 4
 Concurrent Workers: 1
 Concurrent Refinement Workers: 4
 Periodic GC: Disabled
Heap:
 garbage-first heap   total 325632K, used 125254K [0x0000000080000000, 0x0000000100000000)
  region size 1024K, 1 young (1024K), 1 survivors (1024K)
 Metaspace       used 112954K, committed 113856K, reserved 1179648K
  class space    used 15520K, committed 16000K, reserved 1048576K
GC Heap History (20 events):
Event: 14.691 GC heap after
{Heap after GC invocations=24 (full 0):
 garbage-first heap   total 197632K, used 103252K [0x0000000080000000, 0x0000000100000000)
  region size 1024K, 10 young (10240K), 10 survivors (10240K)
 Metaspace       used 104268K, committed 105088K, reserved 1179648K
  class space    used 14312K, committed 14720K, reserved 1048576K
}
Event: 14.703 GC heap before
{Heap before GC invocations=24 (full 0):
 garbage-first heap   total 197632K, used 103252K [0x0000000080000000, 0x0000000100000000)
  region size 1024K, 11 young (11264K), 10 survivors (10240K)
 Metaspace       used 104269K, committed 105088K, reserved 1179648K
  class space    used 14312K, committed 14720K, reserved 1048576K
}
Event: 14.714 GC heap after
{Heap after GC invocations=25 (full 0):
 garbage-first heap   total 197632K, used 103570K [0x0000000080000000, 0x0000000100000000)
  region size 1024K, 2 young (2048K), 2 survivors (2048K)
 Metaspace       used 104269K, committed 105088K, reserved 1179648K
  class space    used 14312K, committed 14720K, reserved 1048576K
}
Event: 15.519 GC heap before
{Heap before GC invocations=25 (full 0):
 garbage-first heap   total 197632K, used 159890K [0x0000000080000000, 0x0000000100000000)
  region size 1024K, 58 young (59392K), 2 survivors (2048K)
 Metaspace       used 104802K, committed 105600K, reserved 1179648K
  class space    used 14378K, committed 14784K, reserved 1048576K
}
Event: 15.526 GC heap after
{Heap after GC invocations=26 (full 0):
 garbage-first heap   total 197632K, used 106783K [0x0000000080000000, 0x0000000100000000)
  region size 1024K, 5 young (5120K), 5 survivors (5120K)
 Metaspace       used 104802K, committed 105600K, reserved 1179648K
  class space    used 14378K, committed 14784K, reserved 1048576K
}
Event: 16.444 GC heap before
{Heap before GC invocations=27 (full 0):
 garbage-first heap   total 197632K, used 161055K [0x0000000080000000, 0x0000000100000000)
  region size 1024K, 59 young (60416K), 5 survivors (5120K)
 Metaspace       used 105097K, committed 105920K, reserved 1179648K
  class space    used 14419K, committed 14848K, reserved 1048576K
}
Event: 16.457 GC heap after
{Heap after GC invocations=28 (full 0):
 garbage-first heap   total 197632K, used 109482K [0x0000000080000000, 0x0000000100000000)
  region size 1024K, 5 young (5120K), 5 survivors (5120K)
 Metaspace       used 105097K, committed 105920K, reserved 1179648K
  class space    used 14419K, committed 14848K, reserved 1048576K
}
Event: 16.486 GC heap before
{Heap before GC invocations=28 (full 0):
 garbage-first heap   total 197632K, used 113578K [0x0000000080000000, 0x0000000100000000)
  region size 1024K, 9 young (9216K), 5 survivors (5120K)
 Metaspace       used 105097K, committed 105920K, reserved 1179648K
  class space    used 14419K, committed 14848K, reserved 1048576K
}
Event: 16.491 GC heap after
{Heap after GC invocations=29 (full 0):
 garbage-first heap   total 197632K, used 108510K [0x0000000080000000, 0x0000000100000000)
  region size 1024K, 1 young (1024K), 1 survivors (1024K)
 Metaspace       used 105097K, committed 105920K, reserved 1179648K
  class space    used 14419K, committed 14848K, reserved 1048576K
}
Event: 17.324 GC heap before
{Heap before GC invocations=29 (full 0):
 garbage-first heap   total 197632K, used 160734K [0x0000000080000000, 0x0000000100000000)
  region size 1024K, 53 young (54272K), 1 survivors (1024K)
 Metaspace       used 106161K, committed 107008K, reserved 1179648K
  class space    used 14575K, committed 14976K, reserved 1048576K
}
Event: 17.331 GC heap after
{Heap after GC invocations=30 (full 0):
 garbage-first heap   total 197632K, used 112252K [0x0000000080000000, 0x0000000100000000)
  region size 1024K, 5 young (5120K), 5 survivors (5120K)
 Metaspace       used 106161K, committed 107008K, reserved 1179648K
  class space    used 14575K, committed 14976K, reserved 1048576K
}
Event: 18.741 GC heap before
{Heap before GC invocations=31 (full 0):
 garbage-first heap   total 203776K, used 162428K [0x0000000080000000, 0x0000000100000000)
  region size 1024K, 55 young (56320K), 5 survivors (5120K)
 Metaspace       used 109609K, committed 110464K, reserved 1179648K
  class space    used 15024K, committed 15424K, reserved 1048576K
}
Event: 18.755 GC heap after
{Heap after GC invocations=32 (full 0):
 garbage-first heap   total 203776K, used 116444K [0x0000000080000000, 0x0000000100000000)
  region size 1024K, 5 young (5120K), 5 survivors (5120K)
 Metaspace       used 109609K, committed 110464K, reserved 1179648K
  class space    used 15024K, committed 15424K, reserved 1048576K
}
Event: 19.368 GC heap before
{Heap before GC invocations=32 (full 0):
 garbage-first heap   total 203776K, used 120540K [0x0000000080000000, 0x0000000100000000)
  region size 1024K, 9 young (9216K), 5 survivors (5120K)
 Metaspace       used 109609K, committed 110464K, reserved 1179648K
  class space    used 15024K, committed 15424K, reserved 1048576K
}
Event: 19.375 GC heap after
{Heap after GC invocations=33 (full 0):
 garbage-first heap   total 203776K, used 116242K [0x0000000080000000, 0x0000000100000000)
  region size 1024K, 1 young (1024K), 1 survivors (1024K)
 Metaspace       used 109609K, committed 110464K, reserved 1179648K
  class space    used 15024K, committed 15424K, reserved 1048576K
}
Event: 20.844 GC heap before
{Heap before GC invocations=33 (full 0):
 garbage-first heap   total 203776K, used 168466K [0x0000000080000000, 0x0000000100000000)
  region size 1024K, 53 young (54272K), 1 survivors (1024K)
 Metaspace       used 111047K, committed 111936K, reserved 1179648K
  class space    used 15239K, committed 15680K, reserved 1048576K
}
Event: 20.851 GC heap after
{Heap after GC invocations=34 (full 0):
 garbage-first heap   total 203776K, used 118941K [0x0000000080000000, 0x0000000100000000)
  region size 1024K, 4 young (4096K), 4 survivors (4096K)
 Metaspace       used 111047K, committed 111936K, reserved 1179648K
  class space    used 15239K, committed 15680K, reserved 1048576K
}
Event: 21.378 GC heap before
{Heap before GC invocations=35 (full 0):
 garbage-first heap   total 214016K, used 168093K [0x0000000080000000, 0x0000000100000000)
  region size 1024K, 53 young (54272K), 4 survivors (4096K)
 Metaspace       used 112903K, committed 113792K, reserved 1179648K
  class space    used 15511K, committed 15936K, reserved 1048576K
}
Event: 21.385 GC heap after
{Heap after GC invocations=36 (full 0):
 garbage-first heap   total 214016K, used 125200K [0x0000000080000000, 0x0000000100000000)
  region size 1024K, 7 young (7168K), 7 survivors (7168K)
 Metaspace       used 112903K, committed 113792K, reserved 1179648K
  class space    used 15511K, committed 15936K, reserved 1048576K
}
Event: 21.393 GC heap before
{Heap before GC invocations=36 (full 0):
 garbage-first heap   total 214016K, used 128272K [0x0000000080000000, 0x0000000100000000)
  region size 1024K, 10 young (10240K), 7 survivors (7168K)
 Metaspace       used 112954K, committed 113856K, reserved 1179648K
  class space    used 15520K, committed 16000K, reserved 1048576K
}

